<?xml version="1.0" encoding="UTF-8"?>
<!-- Generated by org.testng.reporters.JUnitXMLReporter -->
<testsuite ignored="1" hostname="DESKTOP-RG04IRQ" failures="0" tests="2" name="Test" time="0.176" errors="0" timestamp="2024-07-20T15:03:36 IST">
  <testcase classname="unittestingpractise.AmazonPrc" name="launchAmazon" time="0.018"/>
  <testcase classname="unittestingpractise.ApplePrc" name="launchApple" time="0.004"/>
  <testcase classname="unittestingpractise.WiproPrc" name="launchWipro" time="0.0">
    <ignored/>
  </testcase> <!-- launchWipro -->
</testsuite> <!-- Test -->
